
=== Tue Apr 20 16:50:09 2021

Packages were changed.
Update Mode: mergeDefaultDependencies

The following packages were updated:
  com.unity.ide.rider from version 1.0.4 to 1.1.0
  com.unity.ide.vscode from version 1.0.4 to 1.0.7

=== Wed Apr 28 13:00:35 2021

Packages were changed.
Update Mode: updateDependencies

The following packages were added:
  com.unity.ide.visualstudio@2.0.7
The following packages were updated:
  com.unity.ads from version 2.0.8 to 3.6.1
  com.unity.analytics from version 3.3.2 to 3.5.3
  com.unity.collab-proxy from version 1.2.16 to 1.3.9
  com.unity.ext.nunit from version 1.0.0 to 1.0.6
  com.unity.ide.rider from version 1.1.0 to 2.0.7
  com.unity.ide.vscode from version 1.0.7 to 1.2.3
  com.unity.purchasing from version 2.0.6 to 2.2.2
  com.unity.render-pipelines.lightweight from version 6.9.0 to 10.4.0
  com.unity.test-framework from version 1.0.13 to 1.1.24
  com.unity.textmeshpro from version 2.0.1 to 3.0.1
  com.unity.timeline from version 1.1.0 to 1.4.7
The following packages were removed:
  com.unity.package-manager-ui@2.2.0
